<?xml version="1.0" encoding="UTF-8"?>
<!-- Generated by org.testng.reporters.JUnitXMLReporter -->
<testsuite hostname="DESKTOP-A8KQASN" ignored="0" name="Test" tests="8" failures="2" timestamp="22 Aug 2022 16:58:18 GMT" time="0.438" errors="0">
  <testcase name="test1" time="0.017" classname="listeners.TestNGListnerDemo"/>
  <testcase name="test2" time="0.283" classname="listeners.TestNGListnerDemo">
    <failure type="java.lang.IllegalStateException" message="The path to the driver executable must be set by the webdriver.chrome.driver system property; for more information, see https://github.com/SeleniumHQ/selenium/wiki/ChromeDriver. The latest version can be downloaded from http://chromedriver.storage.googleapis.com/index.html">
      <![CDATA[java.lang.IllegalStateException: The path to the driver executable must be set by the webdriver.chrome.driver system property; for more information, see https://github.com/SeleniumHQ/selenium/wiki/ChromeDriver. The latest version can be downloaded from http://chromedriver.storage.googleapis.com/index.html
at com.google.common.base.Preconditions.checkState(Preconditions.java:847)
at org.openqa.selenium.remote.service.DriverService.findExecutable(DriverService.java:134)
at org.openqa.selenium.chrome.ChromeDriverService.access$000(ChromeDriverService.java:35)
at org.openqa.selenium.chrome.ChromeDriverService$Builder.findDefaultExecutable(ChromeDriverService.java:159)
at org.openqa.selenium.remote.service.DriverService$Builder.build(DriverService.java:355)
at org.openqa.selenium.chrome.ChromeDriverService.createDefaultService(ChromeDriverService.java:94)
at org.openqa.selenium.chrome.ChromeDriver.<init>(ChromeDriver.java:123)
at listeners.TestNGListnerDemo.test2(TestNGListnerDemo.java:24)
... Removed 25 stack frames]]>
    </failure>
  </testcase> <!-- test2 -->
  <testcase name="test3" time="0.002" classname="listeners.TestNGListnerDemo">
    <skipped/>
  </testcase> <!-- test3 -->
  <testcase name="test4" time="0.002" classname="listeners.TestNGListnerDemo"/>
  <testcase name="test5" time="0.006" classname="listeners.TestNGListnerDemo2"/>
  <testcase name="test6" time="0.006" classname="listeners.TestNGListnerDemo2">
    <failure type="junit.framework.AssertionFailedError">
      <![CDATA[junit.framework.AssertionFailedError
at junit.framework.Assert.fail(Assert.java:55)
at junit.framework.Assert.assertTrue(Assert.java:22)
at junit.framework.Assert.assertTrue(Assert.java:31)
at listeners.TestNGListnerDemo2.test6(TestNGListnerDemo2.java:19)
... Removed 25 stack frames]]>
    </failure>
  </testcase> <!-- test6 -->
  <testcase name="test7" time="0.004" classname="listeners.TestNGListnerDemo2">
    <skipped/>
  </testcase> <!-- test7 -->
  <testcase name="test8" time="0.002" classname="listeners.TestNGListnerDemo2"/>
</testsuite> <!-- Test -->
